{"meta": {"version": "6.4.4", "timestamp": "2022-08-29T22:09:11.091064", "branch_coverage": false, "show_contexts": false}, "files": {"fibonacci/fib/fib.py": {"executed_lines": [1, 4, 5, 7, 9, 11, 13, 14, 15, 16, 17, 19, 20, 21, 22, 23, 24, 26, 28, 30, 31, 34, 36, 37, 38, 39, 40, 41, 42], "summary": {"covered_lines": 27, "num_statements": 27, "percent_covered": 100.0, "percent_covered_display": "100", "missing_lines": 0, "excluded_lines": 0}, "missing_lines": [], "excluded_lines": []}}, "totals": {"covered_lines": 27, "num_statements": 27, "percent_covered": 100.0, "percent_covered_display": "100", "missing_lines": 0, "excluded_lines": 0}}