{"meta": {"version": "6.4.4", "timestamp": "2022-09-06T16:59:22.513220", "branch_coverage": false, "show_contexts": false}, "files": {"structures/array/array.py": {"executed_lines": [1, 4, 5, 7, 9, 11, 13, 14, 15, 17, 19, 21, 22, 25, 27, 28, 29, 30, 33, 35, 36, 37, 38, 41, 43, 44, 45, 46, 47, 50, 52, 55, 57, 58, 59, 62, 64, 65, 66, 69, 71, 74, 76], "summary": {"covered_lines": 41, "num_statements": 41, "percent_covered": 100.0, "percent_covered_display": "100", "missing_lines": 0, "excluded_lines": 0}, "missing_lines": [], "excluded_lines": []}, "structures/queue/queue.py": {"executed_lines": [1, 4, 5, 7, 9, 10, 12, 14, 15, 16, 18, 20, 21, 22, 23, 24, 26, 28, 29, 30, 31, 32, 34, 36, 38, 40, 43, 45], "summary": {"covered_lines": 26, "num_statements": 26, "percent_covered": 100.0, "percent_covered_display": "100", "missing_lines": 0, "excluded_lines": 0}, "missing_lines": [], "excluded_lines": []}, "structures/stack/stack.py": {"executed_lines": [1, 4, 5, 7, 9, 10, 12, 14, 15, 16, 18, 20, 21, 22, 23, 25, 27, 28, 29, 30, 32, 34, 36, 38, 39, 40, 42, 44, 47, 49], "summary": {"covered_lines": 28, "num_statements": 28, "percent_covered": 100.0, "percent_covered_display": "100", "missing_lines": 0, "excluded_lines": 0}, "missing_lines": [], "excluded_lines": []}}, "totals": {"covered_lines": 95, "num_statements": 95, "percent_covered": 100.0, "percent_covered_display": "100", "missing_lines": 0, "excluded_lines": 0}}