{"meta": {"version": "6.4.4", "timestamp": "2022-09-28T13:21:32.581848", "branch_coverage": false, "show_contexts": false}, "files": {"search/avltreesearch/avlsearch.py": {"executed_lines": [1, 4, 6, 7, 8, 9, 10, 11, 12, 13, 14, 15, 16, 17, 18, 21, 22, 24, 26, 28, 30, 32, 36, 37, 38, 39], "summary": {"covered_lines": 24, "num_statements": 24, "percent_covered": 100.0, "percent_covered_display": "100", "missing_lines": 0, "excluded_lines": 0}, "missing_lines": [], "excluded_lines": []}, "search/bstreesearch/bstreesearch.py": {"executed_lines": [1, 4, 5, 7, 9, 11, 13, 15, 17, 18, 19, 20, 21, 22, 23, 24, 25, 26, 27], "summary": {"covered_lines": 17, "num_statements": 17, "percent_covered": 100.0, "percent_covered_display": "100", "missing_lines": 0, "excluded_lines": 0}, "missing_lines": [], "excluded_lines": []}, "structures/avltree/avltree.py": {"executed_lines": [1, 5, 6, 8, 10, 11, 12, 13, 15, 17, 19, 21, 24, 26, 27, 28, 31, 33, 34, 35, 38, 40, 41, 42, 43, 44, 45, 46, 49, 51, 52, 53, 54, 55, 56, 57, 60, 62, 63, 64, 65, 66, 67, 69, 71, 72, 73, 74, 75, 76, 78, 79, 80, 81, 82, 84, 87, 89, 90, 91, 92, 94, 95, 96, 97, 98, 99, 100, 101, 102, 103, 104, 106, 108, 109, 110, 111, 112, 113, 114, 115, 116, 117, 118, 120, 123, 125, 126, 127, 128, 129, 132, 134, 135, 136, 137, 138, 139, 140, 143, 144, 146, 148, 150, 152, 154, 156, 157, 158, 159, 160, 161, 163, 165, 166, 168, 170, 172, 174, 175, 176, 177, 179, 181, 182, 183, 184, 186, 188, 189, 190, 193, 195, 198, 200], "summary": {"covered_lines": 132, "num_statements": 132, "percent_covered": 100.0, "percent_covered_display": "100", "missing_lines": 0, "excluded_lines": 0}, "missing_lines": [], "excluded_lines": []}, "structures/binary_search_tree/binary_search_tree.py": {"executed_lines": [1, 4, 5, 7, 9, 10, 11, 13, 15, 16, 17, 18, 19, 20, 21, 22, 23, 24, 25, 27, 29, 30, 31, 32, 33, 34, 35, 37, 39, 40, 41, 42, 43, 45, 47, 48, 49, 50, 51, 53, 55, 56, 57, 58, 59, 60, 61, 62, 63, 64, 65, 66, 67, 68, 69, 70, 71, 72, 73, 74, 77, 79, 82, 84], "summary": {"covered_lines": 62, "num_statements": 62, "percent_covered": 100.0, "percent_covered_display": "100", "missing_lines": 0, "excluded_lines": 0}, "missing_lines": [], "excluded_lines": []}}, "totals": {"covered_lines": 235, "num_statements": 235, "percent_covered": 100.0, "percent_covered_display": "100", "missing_lines": 0, "excluded_lines": 0}}