{"meta": {"version": "6.4.4", "timestamp": "2022-10-12T19:49:32.857639", "branch_coverage": false, "show_contexts": false}, "files": {"sort/insertionsort/insertionsort.py": {"executed_lines": [1, 6, 7, 9, 11, 13, 15, 16, 17, 18, 19, 20, 21, 22, 23, 24, 25, 26, 27, 28, 31, 33, 36, 38], "summary": {"covered_lines": 22, "num_statements": 22, "percent_covered": 100.0, "percent_covered_display": "100", "missing_lines": 0, "excluded_lines": 0}, "missing_lines": [], "excluded_lines": []}, "sort/mergesort/mergesort.py": {"executed_lines": [1, 8, 9, 11, 13, 15, 17, 18, 19, 20, 21, 22, 23, 24, 25, 26, 29, 31, 32, 34, 35, 37, 38, 39, 40, 41, 42, 43, 44, 45, 47, 48, 49, 50, 51, 52, 53, 54, 55, 56, 57, 58, 61, 63, 65, 66, 67, 68, 69, 72, 74, 77, 79], "summary": {"covered_lines": 51, "num_statements": 51, "percent_covered": 100.0, "percent_covered_display": "100", "missing_lines": 0, "excluded_lines": 0}, "missing_lines": [], "excluded_lines": []}, "sort/quicksort/quicksort.py": {"executed_lines": [1, 6, 7, 9, 11, 13, 15, 16, 17, 18, 19, 20, 21, 22, 23, 24, 27, 29, 30, 31, 32, 33, 34, 35, 36, 37, 38, 39, 40, 43, 45, 46, 47, 48, 49, 52, 54, 57, 59], "summary": {"covered_lines": 37, "num_statements": 37, "percent_covered": 100.0, "percent_covered_display": "100", "missing_lines": 0, "excluded_lines": 0}, "missing_lines": [], "excluded_lines": []}}, "totals": {"covered_lines": 110, "num_statements": 110, "percent_covered": 100.0, "percent_covered_display": "100", "missing_lines": 0, "excluded_lines": 0}}