{"meta": {"version": "6.4.4", "timestamp": "2022-09-30T16:10:58.003932", "branch_coverage": false, "show_contexts": false}, "files": {"search/breadthfirstsearch/bfs.py": {"executed_lines": [1, 4, 5, 7, 9, 10, 11, 13, 16, 17, 19, 20, 22, 23, 25, 26, 27, 28, 29, 30, 31, 32, 34, 36, 37, 38, 41, 43, 46, 48], "summary": {"covered_lines": 28, "num_statements": 28, "percent_covered": 100.0, "percent_covered_display": "100", "missing_lines": 0, "excluded_lines": 0}, "missing_lines": [], "excluded_lines": []}, "search/depthfirstsearch/dfs.py": {"executed_lines": [1, 4, 5, 7, 9, 10, 12, 15, 16, 18, 19, 21, 22, 23, 24, 25, 27, 29, 30, 33, 35, 38, 40], "summary": {"covered_lines": 21, "num_statements": 21, "percent_covered": 100.0, "percent_covered_display": "100", "missing_lines": 0, "excluded_lines": 0}, "missing_lines": [], "excluded_lines": []}, "structures/graph/graph.py": {"executed_lines": [1, 4, 5, 7, 9, 10, 11, 12, 14, 16, 17, 18, 20, 22, 24, 26, 27, 28, 29, 30, 31, 32, 33, 34, 35, 36, 38, 40, 41, 42, 43, 44, 45, 46, 47, 48, 49, 51, 53, 54, 55, 56, 57, 58, 60, 62, 63, 64, 66, 68, 69, 70, 71, 72, 73, 74, 75, 76, 77, 79, 81, 82, 83, 84, 86, 88, 89, 90, 91, 92, 93, 94, 95, 96, 97, 98, 99, 101, 103, 104, 105, 106, 108, 110, 111, 112, 114, 116], "summary": {"covered_lines": 86, "num_statements": 86, "percent_covered": 100.0, "percent_covered_display": "100", "missing_lines": 0, "excluded_lines": 0}, "missing_lines": [], "excluded_lines": []}}, "totals": {"covered_lines": 135, "num_statements": 135, "percent_covered": 100.0, "percent_covered_display": "100", "missing_lines": 0, "excluded_lines": 0}}