{"meta": {"version": "6.4.4", "timestamp": "2022-12-04T14:20:23.556466", "branch_coverage": false, "show_contexts": false}, "files": {"cryptography/rsa/rsa.py": {"executed_lines": [1, 3, 7, 10, 13, 14, 18, 19, 22, 23, 25, 29, 34, 36, 40, 41, 49, 50, 51, 52, 53, 54, 55, 56, 57, 60, 63, 64, 66, 68, 69, 70, 71, 73, 74, 75, 77, 78, 79, 80, 82, 84, 85, 86, 87, 89, 90, 91, 92, 94, 95, 96, 97, 98, 100, 102, 104, 106, 107, 108, 109, 110, 111, 112, 113, 115, 117, 120, 122, 123, 124, 125, 127, 128, 129, 130, 131, 132, 134, 136, 137, 138, 139, 140, 141, 143, 145, 146, 147, 148, 149, 150, 151, 152, 153, 154, 155, 156, 158, 160, 161, 162, 163, 166, 167, 168, 171, 172, 173, 175, 177, 179, 181, 183, 185, 187, 189, 191, 192, 193, 194, 195, 196, 197, 198, 199, 200, 202, 204, 205, 206, 207, 208, 209, 210, 211, 212, 213], "summary": {"covered_lines": 136, "num_statements": 136, "percent_covered": 100.0, "percent_covered_display": "100", "missing_lines": 0, "excluded_lines": 0}, "missing_lines": [], "excluded_lines": []}}, "totals": {"covered_lines": 136, "num_statements": 136, "percent_covered": 100.0, "percent_covered_display": "100", "missing_lines": 0, "excluded_lines": 0}}